<?xml version="1.0" encoding="UTF-8"?>
<!-- Generated by org.testng.reporters.JUnitXMLReporter -->
<testsuite ignored="0" hostname="DESKTOP-5TV9RKF" failures="4" tests="8" name="Login Tests" time="12.481" errors="0" timestamp="2024-08-18T17:18:31 EEST">
  <testcase classname="io.cucumber.testng.AbstractTestNGCucumberTests" name="runScenario" time="1.624">
    <failure type="java.util.UnknownFormatConversionException" message="Conversion = &amp;apos;&amp;apos;&amp;apos;">
      <![CDATA[java.util.UnknownFormatConversionException: Conversion = '''
at java.base/java.util.Formatter.parse(Formatter.java:2750)
at java.base/java.util.Formatter.format(Formatter.java:2671)
at java.base/java.util.Formatter.format(Formatter.java:2625)
at java.base/java.lang.String.format(String.java:4143)
at org.assertj.core.util.Strings.formatIfArgs(Strings.java:86)
at org.assertj.core.description.TextDescription.value(TextDescription.java:51)
at org.assertj.core.error.DescriptionFormatter.format(DescriptionFormatter.java:47)
at org.assertj.core.error.MessageFormatter.format(MessageFormatter.java:61)
at org.assertj.core.error.ShouldBeEqual.smartErrorMessage(ShouldBeEqual.java:169)
at org.assertj.core.error.ShouldBeEqual.newAssertionError(ShouldBeEqual.java:117)
at org.assertj.core.internal.Failures.failure(Failures.java:105)
at org.assertj.core.internal.Objects.assertEqual(Objects.java:220)
at org.assertj.core.api.AbstractAssert.isEqualTo(AbstractAssert.java:369)
at org.assertj.core.api.AbstractStringAssert.isEqualTo(AbstractStringAssert.java:416)
at stepdefinitions.LoginStepDefinitions.iShouldSeeAnErrorMessage(LoginStepDefinitions.java:38)
at ✽.I should see an error message 'Username is required'(file:///E:/sam/finalTask/src/test/resources/features/first.feature:10)
]]>
    </failure>
  </testcase> <!-- runScenario -->
  <testcase classname="io.cucumber.testng.AbstractTestNGCucumberTests" name="runScenario" time="0.512">
    <failure type="java.util.UnknownFormatConversionException" message="Conversion = &amp;apos;&amp;apos;&amp;apos;">
      <![CDATA[java.util.UnknownFormatConversionException: Conversion = '''
at java.base/java.util.Formatter.parse(Formatter.java:2750)
at java.base/java.util.Formatter.format(Formatter.java:2671)
at java.base/java.util.Formatter.format(Formatter.java:2625)
at java.base/java.lang.String.format(String.java:4143)
at org.assertj.core.util.Strings.formatIfArgs(Strings.java:86)
at org.assertj.core.description.TextDescription.value(TextDescription.java:51)
at org.assertj.core.error.DescriptionFormatter.format(DescriptionFormatter.java:47)
at org.assertj.core.error.MessageFormatter.format(MessageFormatter.java:61)
at org.assertj.core.error.ShouldBeEqual.smartErrorMessage(ShouldBeEqual.java:169)
at org.assertj.core.error.ShouldBeEqual.newAssertionError(ShouldBeEqual.java:117)
at org.assertj.core.internal.Failures.failure(Failures.java:105)
at org.assertj.core.internal.Objects.assertEqual(Objects.java:220)
at org.assertj.core.api.AbstractAssert.isEqualTo(AbstractAssert.java:369)
at org.assertj.core.api.AbstractStringAssert.isEqualTo(AbstractStringAssert.java:416)
at stepdefinitions.LoginStepDefinitions.iShouldSeeAnErrorMessage(LoginStepDefinitions.java:38)
at ✽.I should see an error message 'Username is required'(file:///E:/sam/finalTask/src/test/resources/features/first.feature:10)
]]>
    </failure>
  </testcase> <!-- runScenario -->
  <testcase classname="io.cucumber.testng.AbstractTestNGCucumberTests" name="runScenario" time="0.38">
    <failure type="java.util.UnknownFormatConversionException" message="Conversion = &amp;apos;&amp;apos;&amp;apos;">
      <![CDATA[java.util.UnknownFormatConversionException: Conversion = '''
at java.base/java.util.Formatter.parse(Formatter.java:2750)
at java.base/java.util.Formatter.format(Formatter.java:2671)
at java.base/java.util.Formatter.format(Formatter.java:2625)
at java.base/java.lang.String.format(String.java:4143)
at org.assertj.core.util.Strings.formatIfArgs(Strings.java:86)
at org.assertj.core.description.TextDescription.value(TextDescription.java:51)
at org.assertj.core.error.DescriptionFormatter.format(DescriptionFormatter.java:47)
at org.assertj.core.error.MessageFormatter.format(MessageFormatter.java:61)
at org.assertj.core.error.ShouldBeEqual.smartErrorMessage(ShouldBeEqual.java:169)
at org.assertj.core.error.ShouldBeEqual.newAssertionError(ShouldBeEqual.java:117)
at org.assertj.core.internal.Failures.failure(Failures.java:105)
at org.assertj.core.internal.Objects.assertEqual(Objects.java:220)
at org.assertj.core.api.AbstractAssert.isEqualTo(AbstractAssert.java:369)
at org.assertj.core.api.AbstractStringAssert.isEqualTo(AbstractStringAssert.java:416)
at stepdefinitions.LoginStepDefinitions.iShouldSeeAnErrorMessage(LoginStepDefinitions.java:38)
at ✽.I should see an error message 'Password is required'(file:///E:/sam/finalTask/src/test/resources/features/first.feature:23)
]]>
    </failure>
  </testcase> <!-- runScenario -->
  <testcase classname="io.cucumber.testng.AbstractTestNGCucumberTests" name="runScenario" time="0.356">
    <failure type="java.util.UnknownFormatConversionException" message="Conversion = &amp;apos;&amp;apos;&amp;apos;">
      <![CDATA[java.util.UnknownFormatConversionException: Conversion = '''
at java.base/java.util.Formatter.parse(Formatter.java:2750)
at java.base/java.util.Formatter.format(Formatter.java:2671)
at java.base/java.util.Formatter.format(Formatter.java:2625)
at java.base/java.lang.String.format(String.java:4143)
at org.assertj.core.util.Strings.formatIfArgs(Strings.java:86)
at org.assertj.core.description.TextDescription.value(TextDescription.java:51)
at org.assertj.core.error.DescriptionFormatter.format(DescriptionFormatter.java:47)
at org.assertj.core.error.MessageFormatter.format(MessageFormatter.java:61)
at org.assertj.core.error.ShouldBeEqual.smartErrorMessage(ShouldBeEqual.java:169)
at org.assertj.core.error.ShouldBeEqual.newAssertionError(ShouldBeEqual.java:117)
at org.assertj.core.internal.Failures.failure(Failures.java:105)
at org.assertj.core.internal.Objects.assertEqual(Objects.java:220)
at org.assertj.core.api.AbstractAssert.isEqualTo(AbstractAssert.java:369)
at org.assertj.core.api.AbstractStringAssert.isEqualTo(AbstractStringAssert.java:416)
at stepdefinitions.LoginStepDefinitions.iShouldSeeAnErrorMessage(LoginStepDefinitions.java:38)
at ✽.I should see an error message 'Password is required'(file:///E:/sam/finalTask/src/test/resources/features/first.feature:23)
]]>
    </failure>
  </testcase> <!-- runScenario -->
  <testcase classname="io.cucumber.testng.AbstractTestNGCucumberTests" name="runScenario" time="0.232"/>
  <testcase classname="io.cucumber.testng.AbstractTestNGCucumberTests" name="runScenario" time="5.226"/>
  <testcase classname="io.cucumber.testng.AbstractTestNGCucumberTests" name="runScenario" time="0.196"/>
  <testcase classname="io.cucumber.testng.AbstractTestNGCucumberTests" name="runScenario" time="0.188"/>
</testsuite> <!-- Login Tests -->
