<!DOCTYPE html PUBLIC "-//W3C//DTD XHTML 1.1//EN" "https://www.w3.org/TR/xhtml11/DTD/xhtml11.dtd">
<html xmlns="https://www.w3.org/1999/xhtml">
<head>
<meta http-equiv="content-type" content="text/html; charset=UTF-8"/>
<title>TestNG Report</title>
<style type="text/css">table {margin-bottom:10px;border-collapse:collapse;empty-cells:show}th,td {border:1px solid #009;padding:.25em .5em}th {vertical-align:bottom}td {vertical-align:top}table a {font-weight:bold}.stripe td {background-color: #E6EBF9}.num {text-align:right}.passedodd td {background-color: #3F3}.passedeven td {background-color: #0A0}.skippedodd td {background-color: #DDD}.skippedeven td {background-color: #CCC}.failedodd td,.attn {background-color: #F33}.failedeven td,.stripe .attn {background-color: #D00}.stacktrace {white-space:pre;font-family:monospace}.totop {font-size:85%;text-align:center;border-bottom:2px solid #000}.invisible {display:none}</style>
</head>
<body>
<table>
<tr><th>Test</th><th># Passed</th><th># Skipped</th><th># Retried</th><th># Failed</th><th>Time (ms)</th><th>Included Groups</th><th>Excluded Groups</th></tr>
<tr><th colspan="8">BDD Suite</th></tr>
<tr><td><a href="#t0">Login Tests</a></td><td class="num">4</td><td class="num">0</td><td class="num">0</td><td class="num attn">4</td><td class="num">12,481</td><td></td><td></td></tr>
</table>
<table id='summary'><thead><tr><th>Class</th><th>Method</th><th>Start</th><th>Time (ms)</th></tr></thead><tbody><tr><th colspan="4">BDD Suite</th></tr></tbody><tbody id="t0"><tr><th colspan="4">Login Tests &#8212; failed</th></tr><tr class="failedeven"><td rowspan="4">testRunner.TestRunner</td><td><a href="#m0">runScenario</a></td><td rowspan="4">1723990703089</td><td rowspan="4">1624</td></tr><tr class="failedeven"><td><a href="#m1">runScenario</a></td></tr><tr class="failedeven"><td><a href="#m2">runScenario</a></td></tr><tr class="failedeven"><td><a href="#m3">runScenario</a></td></tr><tr><th colspan="4">Login Tests &#8212; passed</th></tr><tr class="passedeven"><td rowspan="4">testRunner.TestRunner</td><td><a href="#m4">runScenario</a></td><td rowspan="4">1723990711424</td><td rowspan="4">196</td></tr><tr class="passedeven"><td><a href="#m5">runScenario</a></td></tr><tr class="passedeven"><td><a href="#m6">runScenario</a></td></tr><tr class="passedeven"><td><a href="#m7">runScenario</a></td></tr></tbody>
</table>
<h2>Login Tests</h2><h3 id="m0">testRunner.TestRunner#runScenario</h3><table class="result"><tr class="param"><th>Parameter #1</th><th>Parameter #2</th></tr><tr class="param stripe"><td>&quot;UC-1 Test Login Form with Empty Credentials&quot;</td><td>&quot;Login Form Validation&quot;</td></tr><tr><th colspan="2">Exception</th></tr><tr><td colspan="2"><div class="stacktrace">java.util.UnknownFormatConversionException: Conversion = &apos;&apos;&apos;
	at java.base/java.util.Formatter.parse(Formatter.java:2750)
	at java.base/java.util.Formatter.format(Formatter.java:2671)
	at java.base/java.util.Formatter.format(Formatter.java:2625)
	at java.base/java.lang.String.format(String.java:4143)
	at org.assertj.core.util.Strings.formatIfArgs(Strings.java:86)
	at org.assertj.core.description.TextDescription.value(TextDescription.java:51)
	at org.assertj.core.error.DescriptionFormatter.format(DescriptionFormatter.java:47)
	at org.assertj.core.error.MessageFormatter.format(MessageFormatter.java:61)
	at org.assertj.core.error.ShouldBeEqual.smartErrorMessage(ShouldBeEqual.java:169)
	at org.assertj.core.error.ShouldBeEqual.newAssertionError(ShouldBeEqual.java:117)
	at org.assertj.core.internal.Failures.failure(Failures.java:105)
	at org.assertj.core.internal.Objects.assertEqual(Objects.java:220)
	at org.assertj.core.api.AbstractAssert.isEqualTo(AbstractAssert.java:369)
	at org.assertj.core.api.AbstractStringAssert.isEqualTo(AbstractStringAssert.java:416)
	at stepdefinitions.LoginStepDefinitions.iShouldSeeAnErrorMessage(LoginStepDefinitions.java:38)
	at ✽.I should see an error message &apos;Username is required&apos;(file:///E:/sam/finalTask/src/test/resources/features/first.feature:10)
</div></td></tr></table><p class="totop"><a href="#summary">back to summary</a></p>
<h3 id="m1">testRunner.TestRunner#runScenario</h3><table class="result"><tr class="param"><th>Parameter #1</th><th>Parameter #2</th></tr><tr class="param stripe"><td>&quot;UC-2 Test Login Form with credentials by passing Username&quot;</td><td>&quot;Login Form Validation&quot;</td></tr><tr><th colspan="2">Exception</th></tr><tr><td colspan="2"><div class="stacktrace">java.util.UnknownFormatConversionException: Conversion = &apos;&apos;&apos;
	at java.base/java.util.Formatter.parse(Formatter.java:2750)
	at java.base/java.util.Formatter.format(Formatter.java:2671)
	at java.base/java.util.Formatter.format(Formatter.java:2625)
	at java.base/java.lang.String.format(String.java:4143)
	at org.assertj.core.util.Strings.formatIfArgs(Strings.java:86)
	at org.assertj.core.description.TextDescription.value(TextDescription.java:51)
	at org.assertj.core.error.DescriptionFormatter.format(DescriptionFormatter.java:47)
	at org.assertj.core.error.MessageFormatter.format(MessageFormatter.java:61)
	at org.assertj.core.error.ShouldBeEqual.smartErrorMessage(ShouldBeEqual.java:169)
	at org.assertj.core.error.ShouldBeEqual.newAssertionError(ShouldBeEqual.java:117)
	at org.assertj.core.internal.Failures.failure(Failures.java:105)
	at org.assertj.core.internal.Objects.assertEqual(Objects.java:220)
	at org.assertj.core.api.AbstractAssert.isEqualTo(AbstractAssert.java:369)
	at org.assertj.core.api.AbstractStringAssert.isEqualTo(AbstractStringAssert.java:416)
	at stepdefinitions.LoginStepDefinitions.iShouldSeeAnErrorMessage(LoginStepDefinitions.java:38)
	at ✽.I should see an error message &apos;Password is required&apos;(file:///E:/sam/finalTask/src/test/resources/features/first.feature:23)
</div></td></tr></table><p class="totop"><a href="#summary">back to summary</a></p>
<h3 id="m2">testRunner.TestRunner#runScenario</h3><table class="result"><tr class="param"><th>Parameter #1</th><th>Parameter #2</th></tr><tr class="param stripe"><td>&quot;UC-2 Test Login Form with credentials by passing Username&quot;</td><td>&quot;Login Form Validation&quot;</td></tr><tr><th colspan="2">Exception</th></tr><tr><td colspan="2"><div class="stacktrace">java.util.UnknownFormatConversionException: Conversion = &apos;&apos;&apos;
	at java.base/java.util.Formatter.parse(Formatter.java:2750)
	at java.base/java.util.Formatter.format(Formatter.java:2671)
	at java.base/java.util.Formatter.format(Formatter.java:2625)
	at java.base/java.lang.String.format(String.java:4143)
	at org.assertj.core.util.Strings.formatIfArgs(Strings.java:86)
	at org.assertj.core.description.TextDescription.value(TextDescription.java:51)
	at org.assertj.core.error.DescriptionFormatter.format(DescriptionFormatter.java:47)
	at org.assertj.core.error.MessageFormatter.format(MessageFormatter.java:61)
	at org.assertj.core.error.ShouldBeEqual.smartErrorMessage(ShouldBeEqual.java:169)
	at org.assertj.core.error.ShouldBeEqual.newAssertionError(ShouldBeEqual.java:117)
	at org.assertj.core.internal.Failures.failure(Failures.java:105)
	at org.assertj.core.internal.Objects.assertEqual(Objects.java:220)
	at org.assertj.core.api.AbstractAssert.isEqualTo(AbstractAssert.java:369)
	at org.assertj.core.api.AbstractStringAssert.isEqualTo(AbstractStringAssert.java:416)
	at stepdefinitions.LoginStepDefinitions.iShouldSeeAnErrorMessage(LoginStepDefinitions.java:38)
	at ✽.I should see an error message &apos;Password is required&apos;(file:///E:/sam/finalTask/src/test/resources/features/first.feature:23)
</div></td></tr></table><p class="totop"><a href="#summary">back to summary</a></p>
<h3 id="m3">testRunner.TestRunner#runScenario</h3><table class="result"><tr class="param"><th>Parameter #1</th><th>Parameter #2</th></tr><tr class="param stripe"><td>&quot;UC-1 Test Login Form with Empty Credentials&quot;</td><td>&quot;Login Form Validation&quot;</td></tr><tr><th colspan="2">Exception</th></tr><tr><td colspan="2"><div class="stacktrace">java.util.UnknownFormatConversionException: Conversion = &apos;&apos;&apos;
	at java.base/java.util.Formatter.parse(Formatter.java:2750)
	at java.base/java.util.Formatter.format(Formatter.java:2671)
	at java.base/java.util.Formatter.format(Formatter.java:2625)
	at java.base/java.lang.String.format(String.java:4143)
	at org.assertj.core.util.Strings.formatIfArgs(Strings.java:86)
	at org.assertj.core.description.TextDescription.value(TextDescription.java:51)
	at org.assertj.core.error.DescriptionFormatter.format(DescriptionFormatter.java:47)
	at org.assertj.core.error.MessageFormatter.format(MessageFormatter.java:61)
	at org.assertj.core.error.ShouldBeEqual.smartErrorMessage(ShouldBeEqual.java:169)
	at org.assertj.core.error.ShouldBeEqual.newAssertionError(ShouldBeEqual.java:117)
	at org.assertj.core.internal.Failures.failure(Failures.java:105)
	at org.assertj.core.internal.Objects.assertEqual(Objects.java:220)
	at org.assertj.core.api.AbstractAssert.isEqualTo(AbstractAssert.java:369)
	at org.assertj.core.api.AbstractStringAssert.isEqualTo(AbstractStringAssert.java:416)
	at stepdefinitions.LoginStepDefinitions.iShouldSeeAnErrorMessage(LoginStepDefinitions.java:38)
	at ✽.I should see an error message &apos;Username is required&apos;(file:///E:/sam/finalTask/src/test/resources/features/first.feature:10)
</div></td></tr></table><p class="totop"><a href="#summary">back to summary</a></p>
<h3 id="m4">testRunner.TestRunner#runScenario</h3><table class="result"><tr class="param"><th>Parameter #1</th><th>Parameter #2</th></tr><tr class="param stripe"><td>&quot;UC-3: Test Login Form with Credentials by Passing Username &amp; Password&quot;</td><td>&quot;Login Form Validation&quot;</td></tr></table><p class="totop"><a href="#summary">back to summary</a></p>
<h3 id="m5">testRunner.TestRunner#runScenario</h3><table class="result"><tr class="param"><th>Parameter #1</th><th>Parameter #2</th></tr><tr class="param stripe"><td>&quot;UC-3: Test Login Form with Credentials by Passing Username &amp; Password&quot;</td><td>&quot;Login Form Validation&quot;</td></tr></table><p class="totop"><a href="#summary">back to summary</a></p>
<h3 id="m6">testRunner.TestRunner#runScenario</h3><table class="result"><tr class="param"><th>Parameter #1</th><th>Parameter #2</th></tr><tr class="param stripe"><td>&quot;UC-3: Test Login Form with Credentials by Passing Username &amp; Password&quot;</td><td>&quot;Login Form Validation&quot;</td></tr></table><p class="totop"><a href="#summary">back to summary</a></p>
<h3 id="m7">testRunner.TestRunner#runScenario</h3><table class="result"><tr class="param"><th>Parameter #1</th><th>Parameter #2</th></tr><tr class="param stripe"><td>&quot;UC-3: Test Login Form with Credentials by Passing Username &amp; Password&quot;</td><td>&quot;Login Form Validation&quot;</td></tr></table><p class="totop"><a href="#summary">back to summary</a></p>
</body>
</html>
