<?xml version="1.0" encoding="UTF-8"?>
<testsuite xmlns:xsi="http://www.w3.org/2001/XMLSchema-instance" xsi:noNamespaceSchemaLocation="https://maven.apache.org/surefire/maven-surefire-plugin/xsd/surefire-test-report-3.0.xsd" version="3.0" name="TestSuite" time="13.269" tests="8" errors="0" skipped="0" failures="4">
  <properties>
    <property name="java.specification.version" value="17"/>
    <property name="webdriver.chrome.driver" value="C:\Users\Aguka\.cache\selenium\chromedriver\win64\127.0.6533.119\chromedriver.exe"/>
    <property name="sun.cpu.isalist" value="amd64"/>
    <property name="sun.jnu.encoding" value="Cp1251"/>
    <property name="java.class.path" value="E:\sam\finalTask\target\test-classes;E:\sam\finalTask\target\classes;C:\Users\Aguka\.m2\repository\org\projectlombok\lombok\1.18.30\lombok-1.18.30.jar;C:\Users\Aguka\.m2\repository\org\seleniumhq\selenium\selenium-java\4.13.0\selenium-java-4.13.0.jar;C:\Users\Aguka\.m2\repository\org\seleniumhq\selenium\selenium-api\4.13.0\selenium-api-4.13.0.jar;C:\Users\Aguka\.m2\repository\org\seleniumhq\selenium\selenium-chrome-driver\4.13.0\selenium-chrome-driver-4.13.0.jar;C:\Users\Aguka\.m2\repository\com\google\auto\service\auto-service-annotations\1.1.1\auto-service-annotations-1.1.1.jar;C:\Users\Aguka\.m2\repository\com\google\guava\guava\32.1.2-jre\guava-32.1.2-jre.jar;C:\Users\Aguka\.m2\repository\com\google\guava\failureaccess\1.0.1\failureaccess-1.0.1.jar;C:\Users\Aguka\.m2\repository\com\google\guava\listenablefuture\9999.0-empty-to-avoid-conflict-with-guava\listenablefuture-9999.0-empty-to-avoid-conflict-with-guava.jar;C:\Users\Aguka\.m2\repository\com\google\code\findbugs\jsr305\3.0.2\jsr305-3.0.2.jar;C:\Users\Aguka\.m2\repository\org\checkerframework\checker-qual\3.33.0\checker-qual-3.33.0.jar;C:\Users\Aguka\.m2\repository\com\google\errorprone\error_prone_annotations\2.18.0\error_prone_annotations-2.18.0.jar;C:\Users\Aguka\.m2\repository\com\google\j2objc\j2objc-annotations\2.8\j2objc-annotations-2.8.jar;C:\Users\Aguka\.m2\repository\org\seleniumhq\selenium\selenium-chromium-driver\4.13.0\selenium-chromium-driver-4.13.0.jar;C:\Users\Aguka\.m2\repository\org\seleniumhq\selenium\selenium-json\4.13.0\selenium-json-4.13.0.jar;C:\Users\Aguka\.m2\repository\org\seleniumhq\selenium\selenium-manager\4.13.0\selenium-manager-4.13.0.jar;C:\Users\Aguka\.m2\repository\org\seleniumhq\selenium\selenium-devtools-v115\4.13.0\selenium-devtools-v115-4.13.0.jar;C:\Users\Aguka\.m2\repository\org\seleniumhq\selenium\selenium-devtools-v116\4.13.0\selenium-devtools-v116-4.13.0.jar;C:\Users\Aguka\.m2\repository\org\seleniumhq\selenium\selenium-devtools-v117\4.13.0\selenium-devtools-v117-4.13.0.jar;C:\Users\Aguka\.m2\repository\org\seleniumhq\selenium\selenium-devtools-v85\4.13.0\selenium-devtools-v85-4.13.0.jar;C:\Users\Aguka\.m2\repository\org\seleniumhq\selenium\selenium-edge-driver\4.13.0\selenium-edge-driver-4.13.0.jar;C:\Users\Aguka\.m2\repository\org\seleniumhq\selenium\selenium-firefox-driver\4.13.0\selenium-firefox-driver-4.13.0.jar;C:\Users\Aguka\.m2\repository\org\seleniumhq\selenium\selenium-http\4.13.0\selenium-http-4.13.0.jar;C:\Users\Aguka\.m2\repository\dev\failsafe\failsafe\3.3.2\failsafe-3.3.2.jar;C:\Users\Aguka\.m2\repository\org\seleniumhq\selenium\selenium-ie-driver\4.13.0\selenium-ie-driver-4.13.0.jar;C:\Users\Aguka\.m2\repository\org\seleniumhq\selenium\selenium-remote-driver\4.13.0\selenium-remote-driver-4.13.0.jar;C:\Users\Aguka\.m2\repository\io\netty\netty-buffer\4.1.96.Final\netty-buffer-4.1.96.Final.jar;C:\Users\Aguka\.m2\repository\io\netty\netty-codec-http\4.1.96.Final\netty-codec-http-4.1.96.Final.jar;C:\Users\Aguka\.m2\repository\io\netty\netty-codec\4.1.96.Final\netty-codec-4.1.96.Final.jar;C:\Users\Aguka\.m2\repository\io\netty\netty-handler\4.1.96.Final\netty-handler-4.1.96.Final.jar;C:\Users\Aguka\.m2\repository\io\netty\netty-common\4.1.96.Final\netty-common-4.1.96.Final.jar;C:\Users\Aguka\.m2\repository\io\netty\netty-transport-classes-epoll\4.1.96.Final\netty-transport-classes-epoll-4.1.96.Final.jar;C:\Users\Aguka\.m2\repository\io\netty\netty-transport-classes-kqueue\4.1.96.Final\netty-transport-classes-kqueue-4.1.96.Final.jar;C:\Users\Aguka\.m2\repository\io\netty\netty-transport-native-epoll\4.1.96.Final\netty-transport-native-epoll-4.1.96.Final.jar;C:\Users\Aguka\.m2\repository\io\netty\netty-transport-native-kqueue\4.1.96.Final\netty-transport-native-kqueue-4.1.96.Final.jar;C:\Users\Aguka\.m2\repository\io\netty\netty-transport-native-unix-common\4.1.96.Final\netty-transport-native-unix-common-4.1.96.Final.jar;C:\Users\Aguka\.m2\repository\io\netty\netty-transport\4.1.96.Final\netty-transport-4.1.96.Final.jar;C:\Users\Aguka\.m2\repository\io\netty\netty-resolver\4.1.96.Final\netty-resolver-4.1.96.Final.jar;C:\Users\Aguka\.m2\repository\io\opentelemetry\opentelemetry-api\1.28.0\opentelemetry-api-1.28.0.jar;C:\Users\Aguka\.m2\repository\io\opentelemetry\opentelemetry-context\1.28.0\opentelemetry-context-1.28.0.jar;C:\Users\Aguka\.m2\repository\io\opentelemetry\opentelemetry-exporter-logging\1.28.0\opentelemetry-exporter-logging-1.28.0.jar;C:\Users\Aguka\.m2\repository\io\opentelemetry\opentelemetry-sdk-metrics\1.28.0\opentelemetry-sdk-metrics-1.28.0.jar;C:\Users\Aguka\.m2\repository\io\opentelemetry\opentelemetry-extension-incubator\1.28.0-alpha\opentelemetry-extension-incubator-1.28.0-alpha.jar;C:\Users\Aguka\.m2\repository\io\opentelemetry\opentelemetry-sdk-logs\1.28.0\opentelemetry-sdk-logs-1.28.0.jar;C:\Users\Aguka\.m2\repository\io\opentelemetry\opentelemetry-sdk-common\1.28.0\opentelemetry-sdk-common-1.28.0.jar;C:\Users\Aguka\.m2\repository\io\opentelemetry\opentelemetry-sdk-extension-autoconfigure-spi\1.28.0\opentelemetry-sdk-extension-autoconfigure-spi-1.28.0.jar;C:\Users\Aguka\.m2\repository\io\opentelemetry\opentelemetry-sdk-extension-autoconfigure\1.28.0\opentelemetry-sdk-extension-autoconfigure-1.28.0.jar;C:\Users\Aguka\.m2\repository\io\opentelemetry\opentelemetry-api-events\1.28.0-alpha\opentelemetry-api-events-1.28.0-alpha.jar;C:\Users\Aguka\.m2\repository\io\opentelemetry\opentelemetry-sdk-trace\1.28.0\opentelemetry-sdk-trace-1.28.0.jar;C:\Users\Aguka\.m2\repository\io\opentelemetry\opentelemetry-sdk\1.28.0\opentelemetry-sdk-1.28.0.jar;C:\Users\Aguka\.m2\repository\io\opentelemetry\opentelemetry-semconv\1.28.0-alpha\opentelemetry-semconv-1.28.0-alpha.jar;C:\Users\Aguka\.m2\repository\org\asynchttpclient\async-http-client\2.12.3\async-http-client-2.12.3.jar;C:\Users\Aguka\.m2\repository\org\asynchttpclient\async-http-client-netty-utils\2.12.3\async-http-client-netty-utils-2.12.3.jar;C:\Users\Aguka\.m2\repository\io\netty\netty-codec-socks\4.1.60.Final\netty-codec-socks-4.1.60.Final.jar;C:\Users\Aguka\.m2\repository\io\netty\netty-handler-proxy\4.1.60.Final\netty-handler-proxy-4.1.60.Final.jar;C:\Users\Aguka\.m2\repository\io\netty\netty-transport-native-epoll\4.1.60.Final\netty-transport-native-epoll-4.1.60.Final-linux-x86_64.jar;C:\Users\Aguka\.m2\repository\io\netty\netty-transport-native-kqueue\4.1.60.Final\netty-transport-native-kqueue-4.1.60.Final-osx-x86_64.jar;C:\Users\Aguka\.m2\repository\org\reactivestreams\reactive-streams\1.0.3\reactive-streams-1.0.3.jar;C:\Users\Aguka\.m2\repository\com\typesafe\netty\netty-reactive-streams\2.0.4\netty-reactive-streams-2.0.4.jar;C:\Users\Aguka\.m2\repository\com\sun\activation\jakarta.activation\1.2.2\jakarta.activation-1.2.2.jar;C:\Users\Aguka\.m2\repository\org\seleniumhq\selenium\selenium-os\4.13.0\selenium-os-4.13.0.jar;C:\Users\Aguka\.m2\repository\org\apache\commons\commons-exec\1.3\commons-exec-1.3.jar;C:\Users\Aguka\.m2\repository\org\seleniumhq\selenium\selenium-safari-driver\4.13.0\selenium-safari-driver-4.13.0.jar;C:\Users\Aguka\.m2\repository\org\seleniumhq\selenium\selenium-support\4.13.0\selenium-support-4.13.0.jar;C:\Users\Aguka\.m2\repository\io\cucumber\cucumber-java\7.18.0\cucumber-java-7.18.0.jar;C:\Users\Aguka\.m2\repository\io\cucumber\cucumber-core\7.18.0\cucumber-core-7.18.0.jar;C:\Users\Aguka\.m2\repository\io\cucumber\cucumber-gherkin\7.18.0\cucumber-gherkin-7.18.0.jar;C:\Users\Aguka\.m2\repository\io\cucumber\cucumber-gherkin-messages\7.18.0\cucumber-gherkin-messages-7.18.0.jar;C:\Users\Aguka\.m2\repository\io\cucumber\gherkin\28.0.0\gherkin-28.0.0.jar;C:\Users\Aguka\.m2\repository\io\cucumber\messages\24.1.0\messages-24.1.0.jar;C:\Users\Aguka\.m2\repository\io\cucumber\testng-xml-formatter\0.1.0\testng-xml-formatter-0.1.0.jar;C:\Users\Aguka\.m2\repository\io\cucumber\query\12.2.0\query-12.2.0.jar;C:\Users\Aguka\.m2\repository\io\cucumber\tag-expressions\6.1.0\tag-expressions-6.1.0.jar;C:\Users\Aguka\.m2\repository\io\cucumber\cucumber-expressions\17.1.0\cucumber-expressions-17.1.0.jar;C:\Users\Aguka\.m2\repository\io\cucumber\datatable\7.18.0\datatable-7.18.0.jar;C:\Users\Aguka\.m2\repository\io\cucumber\cucumber-plugin\7.18.0\cucumber-plugin-7.18.0.jar;C:\Users\Aguka\.m2\repository\io\cucumber\docstring\7.18.0\docstring-7.18.0.jar;C:\Users\Aguka\.m2\repository\io\cucumber\html-formatter\21.3.1\html-formatter-21.3.1.jar;C:\Users\Aguka\.m2\repository\io\cucumber\junit-xml-formatter\0.4.0\junit-xml-formatter-0.4.0.jar;C:\Users\Aguka\.m2\repository\io\cucumber\ci-environment\10.0.1\ci-environment-10.0.1.jar;C:\Users\Aguka\.m2\repository\org\apiguardian\apiguardian-api\1.1.2\apiguardian-api-1.1.2.jar;C:\Users\Aguka\.m2\repository\io\cucumber\cucumber-testng\7.18.0\cucumber-testng-7.18.0.jar;C:\Users\Aguka\.m2\repository\org\testng\testng\7.9.0\testng-7.9.0.jar;C:\Users\Aguka\.m2\repository\org\slf4j\slf4j-api\1.7.36\slf4j-api-1.7.36.jar;C:\Users\Aguka\.m2\repository\com\beust\jcommander\1.82\jcommander-1.82.jar;C:\Users\Aguka\.m2\repository\org\webjars\jquery\3.7.1\jquery-3.7.1.jar;C:\Users\Aguka\.m2\repository\io\github\bonigarcia\webdrivermanager\5.5.3\webdrivermanager-5.5.3.jar;C:\Users\Aguka\.m2\repository\com\google\code\gson\gson\2.10.1\gson-2.10.1.jar;C:\Users\Aguka\.m2\repository\com\github\docker-java\docker-java\3.3.3\docker-java-3.3.3.jar;C:\Users\Aguka\.m2\repository\com\github\docker-java\docker-java-core\3.3.3\docker-java-core-3.3.3.jar;C:\Users\Aguka\.m2\repository\com\github\docker-java\docker-java-api\3.3.3\docker-java-api-3.3.3.jar;C:\Users\Aguka\.m2\repository\com\fasterxml\jackson\core\jackson-annotations\2.10.3\jackson-annotations-2.10.3.jar;C:\Users\Aguka\.m2\repository\commons-io\commons-io\2.6\commons-io-2.6.jar;C:\Users\Aguka\.m2\repository\org\apache\commons\commons-compress\1.21\commons-compress-1.21.jar;C:\Users\Aguka\.m2\repository\com\fasterxml\jackson\core\jackson-databind\2.10.3\jackson-databind-2.10.3.jar;C:\Users\Aguka\.m2\repository\com\fasterxml\jackson\core\jackson-core\2.10.3\jackson-core-2.10.3.jar;C:\Users\Aguka\.m2\repository\org\bouncycastle\bcpkix-jdk18on\1.75\bcpkix-jdk18on-1.75.jar;C:\Users\Aguka\.m2\repository\org\bouncycastle\bcprov-jdk18on\1.75\bcprov-jdk18on-1.75.jar;C:\Users\Aguka\.m2\repository\org\bouncycastle\bcutil-jdk18on\1.75\bcutil-jdk18on-1.75.jar;C:\Users\Aguka\.m2\repository\org\slf4j\jcl-over-slf4j\1.7.30\jcl-over-slf4j-1.7.30.jar;C:\Users\Aguka\.m2\repository\com\github\docker-java\docker-java-transport-httpclient5\3.3.3\docker-java-transport-httpclient5-3.3.3.jar;C:\Users\Aguka\.m2\repository\com\github\docker-java\docker-java-transport\3.3.3\docker-java-transport-3.3.3.jar;C:\Users\Aguka\.m2\repository\net\java\dev\jna\jna\5.12.1\jna-5.12.1.jar;C:\Users\Aguka\.m2\repository\org\brotli\dec\0.1.2\dec-0.1.2.jar;C:\Users\Aguka\.m2\repository\org\apache\commons\commons-lang3\3.13.0\commons-lang3-3.13.0.jar;C:\Users\Aguka\.m2\repository\org\apache\httpcomponents\client5\httpclient5\5.2.1\httpclient5-5.2.1.jar;C:\Users\Aguka\.m2\repository\org\apache\httpcomponents\core5\httpcore5\5.2\httpcore5-5.2.jar;C:\Users\Aguka\.m2\repository\org\apache\httpcomponents\core5\httpcore5-h2\5.2\httpcore5-h2-5.2.jar;C:\Users\Aguka\.m2\repository\org\apache\logging\log4j\log4j-core\2.23.1\log4j-core-2.23.1.jar;C:\Users\Aguka\.m2\repository\org\apache\logging\log4j\log4j-api\2.23.1\log4j-api-2.23.1.jar;C:\Users\Aguka\.m2\repository\org\apache\logging\log4j\log4j-slf4j-impl\2.23.0\log4j-slf4j-impl-2.23.0.jar;C:\Users\Aguka\.m2\repository\org\assertj\assertj-core\3.26.0\assertj-core-3.26.0.jar;C:\Users\Aguka\.m2\repository\net\bytebuddy\byte-buddy\1.14.16\byte-buddy-1.14.16.jar;"/>
    <property name="java.vm.vendor" value="Oracle Corporation"/>
    <property name="sun.arch.data.model" value="64"/>
    <property name="user.variant" value=""/>
    <property name="java.vendor.url" value="https://java.oracle.com/"/>
    <property name="user.timezone" value="Europe/Kiev"/>
    <property name="os.name" value="Windows 11"/>
    <property name="java.vm.specification.version" value="17"/>
    <property name="sun.java.launcher" value="SUN_STANDARD"/>
    <property name="user.country" value="US"/>
    <property name="sun.boot.library.path" value="C:\Program Files\Java\jdk-17\bin"/>
    <property name="sun.java.command" value="C:\Users\Aguka\AppData\Local\Temp\surefire8177485294829521808\surefirebooter-20240818171818497_3.jar C:\Users\Aguka\AppData\Local\Temp\surefire8177485294829521808 2024-08-18T17-18-18_194-jvmRun1 surefire-20240818171818497_1tmp surefire_0-20240818171818497_2tmp"/>
    <property name="jdk.debug" value="release"/>
    <property name="surefire.test.class.path" value="E:\sam\finalTask\target\test-classes;E:\sam\finalTask\target\classes;C:\Users\Aguka\.m2\repository\org\projectlombok\lombok\1.18.30\lombok-1.18.30.jar;C:\Users\Aguka\.m2\repository\org\seleniumhq\selenium\selenium-java\4.13.0\selenium-java-4.13.0.jar;C:\Users\Aguka\.m2\repository\org\seleniumhq\selenium\selenium-api\4.13.0\selenium-api-4.13.0.jar;C:\Users\Aguka\.m2\repository\org\seleniumhq\selenium\selenium-chrome-driver\4.13.0\selenium-chrome-driver-4.13.0.jar;C:\Users\Aguka\.m2\repository\com\google\auto\service\auto-service-annotations\1.1.1\auto-service-annotations-1.1.1.jar;C:\Users\Aguka\.m2\repository\com\google\guava\guava\32.1.2-jre\guava-32.1.2-jre.jar;C:\Users\Aguka\.m2\repository\com\google\guava\failureaccess\1.0.1\failureaccess-1.0.1.jar;C:\Users\Aguka\.m2\repository\com\google\guava\listenablefuture\9999.0-empty-to-avoid-conflict-with-guava\listenablefuture-9999.0-empty-to-avoid-conflict-with-guava.jar;C:\Users\Aguka\.m2\repository\com\google\code\findbugs\jsr305\3.0.2\jsr305-3.0.2.jar;C:\Users\Aguka\.m2\repository\org\checkerframework\checker-qual\3.33.0\checker-qual-3.33.0.jar;C:\Users\Aguka\.m2\repository\com\google\errorprone\error_prone_annotations\2.18.0\error_prone_annotations-2.18.0.jar;C:\Users\Aguka\.m2\repository\com\google\j2objc\j2objc-annotations\2.8\j2objc-annotations-2.8.jar;C:\Users\Aguka\.m2\repository\org\seleniumhq\selenium\selenium-chromium-driver\4.13.0\selenium-chromium-driver-4.13.0.jar;C:\Users\Aguka\.m2\repository\org\seleniumhq\selenium\selenium-json\4.13.0\selenium-json-4.13.0.jar;C:\Users\Aguka\.m2\repository\org\seleniumhq\selenium\selenium-manager\4.13.0\selenium-manager-4.13.0.jar;C:\Users\Aguka\.m2\repository\org\seleniumhq\selenium\selenium-devtools-v115\4.13.0\selenium-devtools-v115-4.13.0.jar;C:\Users\Aguka\.m2\repository\org\seleniumhq\selenium\selenium-devtools-v116\4.13.0\selenium-devtools-v116-4.13.0.jar;C:\Users\Aguka\.m2\repository\org\seleniumhq\selenium\selenium-devtools-v117\4.13.0\selenium-devtools-v117-4.13.0.jar;C:\Users\Aguka\.m2\repository\org\seleniumhq\selenium\selenium-devtools-v85\4.13.0\selenium-devtools-v85-4.13.0.jar;C:\Users\Aguka\.m2\repository\org\seleniumhq\selenium\selenium-edge-driver\4.13.0\selenium-edge-driver-4.13.0.jar;C:\Users\Aguka\.m2\repository\org\seleniumhq\selenium\selenium-firefox-driver\4.13.0\selenium-firefox-driver-4.13.0.jar;C:\Users\Aguka\.m2\repository\org\seleniumhq\selenium\selenium-http\4.13.0\selenium-http-4.13.0.jar;C:\Users\Aguka\.m2\repository\dev\failsafe\failsafe\3.3.2\failsafe-3.3.2.jar;C:\Users\Aguka\.m2\repository\org\seleniumhq\selenium\selenium-ie-driver\4.13.0\selenium-ie-driver-4.13.0.jar;C:\Users\Aguka\.m2\repository\org\seleniumhq\selenium\selenium-remote-driver\4.13.0\selenium-remote-driver-4.13.0.jar;C:\Users\Aguka\.m2\repository\io\netty\netty-buffer\4.1.96.Final\netty-buffer-4.1.96.Final.jar;C:\Users\Aguka\.m2\repository\io\netty\netty-codec-http\4.1.96.Final\netty-codec-http-4.1.96.Final.jar;C:\Users\Aguka\.m2\repository\io\netty\netty-codec\4.1.96.Final\netty-codec-4.1.96.Final.jar;C:\Users\Aguka\.m2\repository\io\netty\netty-handler\4.1.96.Final\netty-handler-4.1.96.Final.jar;C:\Users\Aguka\.m2\repository\io\netty\netty-common\4.1.96.Final\netty-common-4.1.96.Final.jar;C:\Users\Aguka\.m2\repository\io\netty\netty-transport-classes-epoll\4.1.96.Final\netty-transport-classes-epoll-4.1.96.Final.jar;C:\Users\Aguka\.m2\repository\io\netty\netty-transport-classes-kqueue\4.1.96.Final\netty-transport-classes-kqueue-4.1.96.Final.jar;C:\Users\Aguka\.m2\repository\io\netty\netty-transport-native-epoll\4.1.96.Final\netty-transport-native-epoll-4.1.96.Final.jar;C:\Users\Aguka\.m2\repository\io\netty\netty-transport-native-kqueue\4.1.96.Final\netty-transport-native-kqueue-4.1.96.Final.jar;C:\Users\Aguka\.m2\repository\io\netty\netty-transport-native-unix-common\4.1.96.Final\netty-transport-native-unix-common-4.1.96.Final.jar;C:\Users\Aguka\.m2\repository\io\netty\netty-transport\4.1.96.Final\netty-transport-4.1.96.Final.jar;C:\Users\Aguka\.m2\repository\io\netty\netty-resolver\4.1.96.Final\netty-resolver-4.1.96.Final.jar;C:\Users\Aguka\.m2\repository\io\opentelemetry\opentelemetry-api\1.28.0\opentelemetry-api-1.28.0.jar;C:\Users\Aguka\.m2\repository\io\opentelemetry\opentelemetry-context\1.28.0\opentelemetry-context-1.28.0.jar;C:\Users\Aguka\.m2\repository\io\opentelemetry\opentelemetry-exporter-logging\1.28.0\opentelemetry-exporter-logging-1.28.0.jar;C:\Users\Aguka\.m2\repository\io\opentelemetry\opentelemetry-sdk-metrics\1.28.0\opentelemetry-sdk-metrics-1.28.0.jar;C:\Users\Aguka\.m2\repository\io\opentelemetry\opentelemetry-extension-incubator\1.28.0-alpha\opentelemetry-extension-incubator-1.28.0-alpha.jar;C:\Users\Aguka\.m2\repository\io\opentelemetry\opentelemetry-sdk-logs\1.28.0\opentelemetry-sdk-logs-1.28.0.jar;C:\Users\Aguka\.m2\repository\io\opentelemetry\opentelemetry-sdk-common\1.28.0\opentelemetry-sdk-common-1.28.0.jar;C:\Users\Aguka\.m2\repository\io\opentelemetry\opentelemetry-sdk-extension-autoconfigure-spi\1.28.0\opentelemetry-sdk-extension-autoconfigure-spi-1.28.0.jar;C:\Users\Aguka\.m2\repository\io\opentelemetry\opentelemetry-sdk-extension-autoconfigure\1.28.0\opentelemetry-sdk-extension-autoconfigure-1.28.0.jar;C:\Users\Aguka\.m2\repository\io\opentelemetry\opentelemetry-api-events\1.28.0-alpha\opentelemetry-api-events-1.28.0-alpha.jar;C:\Users\Aguka\.m2\repository\io\opentelemetry\opentelemetry-sdk-trace\1.28.0\opentelemetry-sdk-trace-1.28.0.jar;C:\Users\Aguka\.m2\repository\io\opentelemetry\opentelemetry-sdk\1.28.0\opentelemetry-sdk-1.28.0.jar;C:\Users\Aguka\.m2\repository\io\opentelemetry\opentelemetry-semconv\1.28.0-alpha\opentelemetry-semconv-1.28.0-alpha.jar;C:\Users\Aguka\.m2\repository\org\asynchttpclient\async-http-client\2.12.3\async-http-client-2.12.3.jar;C:\Users\Aguka\.m2\repository\org\asynchttpclient\async-http-client-netty-utils\2.12.3\async-http-client-netty-utils-2.12.3.jar;C:\Users\Aguka\.m2\repository\io\netty\netty-codec-socks\4.1.60.Final\netty-codec-socks-4.1.60.Final.jar;C:\Users\Aguka\.m2\repository\io\netty\netty-handler-proxy\4.1.60.Final\netty-handler-proxy-4.1.60.Final.jar;C:\Users\Aguka\.m2\repository\io\netty\netty-transport-native-epoll\4.1.60.Final\netty-transport-native-epoll-4.1.60.Final-linux-x86_64.jar;C:\Users\Aguka\.m2\repository\io\netty\netty-transport-native-kqueue\4.1.60.Final\netty-transport-native-kqueue-4.1.60.Final-osx-x86_64.jar;C:\Users\Aguka\.m2\repository\org\reactivestreams\reactive-streams\1.0.3\reactive-streams-1.0.3.jar;C:\Users\Aguka\.m2\repository\com\typesafe\netty\netty-reactive-streams\2.0.4\netty-reactive-streams-2.0.4.jar;C:\Users\Aguka\.m2\repository\com\sun\activation\jakarta.activation\1.2.2\jakarta.activation-1.2.2.jar;C:\Users\Aguka\.m2\repository\org\seleniumhq\selenium\selenium-os\4.13.0\selenium-os-4.13.0.jar;C:\Users\Aguka\.m2\repository\org\apache\commons\commons-exec\1.3\commons-exec-1.3.jar;C:\Users\Aguka\.m2\repository\org\seleniumhq\selenium\selenium-safari-driver\4.13.0\selenium-safari-driver-4.13.0.jar;C:\Users\Aguka\.m2\repository\org\seleniumhq\selenium\selenium-support\4.13.0\selenium-support-4.13.0.jar;C:\Users\Aguka\.m2\repository\io\cucumber\cucumber-java\7.18.0\cucumber-java-7.18.0.jar;C:\Users\Aguka\.m2\repository\io\cucumber\cucumber-core\7.18.0\cucumber-core-7.18.0.jar;C:\Users\Aguka\.m2\repository\io\cucumber\cucumber-gherkin\7.18.0\cucumber-gherkin-7.18.0.jar;C:\Users\Aguka\.m2\repository\io\cucumber\cucumber-gherkin-messages\7.18.0\cucumber-gherkin-messages-7.18.0.jar;C:\Users\Aguka\.m2\repository\io\cucumber\gherkin\28.0.0\gherkin-28.0.0.jar;C:\Users\Aguka\.m2\repository\io\cucumber\messages\24.1.0\messages-24.1.0.jar;C:\Users\Aguka\.m2\repository\io\cucumber\testng-xml-formatter\0.1.0\testng-xml-formatter-0.1.0.jar;C:\Users\Aguka\.m2\repository\io\cucumber\query\12.2.0\query-12.2.0.jar;C:\Users\Aguka\.m2\repository\io\cucumber\tag-expressions\6.1.0\tag-expressions-6.1.0.jar;C:\Users\Aguka\.m2\repository\io\cucumber\cucumber-expressions\17.1.0\cucumber-expressions-17.1.0.jar;C:\Users\Aguka\.m2\repository\io\cucumber\datatable\7.18.0\datatable-7.18.0.jar;C:\Users\Aguka\.m2\repository\io\cucumber\cucumber-plugin\7.18.0\cucumber-plugin-7.18.0.jar;C:\Users\Aguka\.m2\repository\io\cucumber\docstring\7.18.0\docstring-7.18.0.jar;C:\Users\Aguka\.m2\repository\io\cucumber\html-formatter\21.3.1\html-formatter-21.3.1.jar;C:\Users\Aguka\.m2\repository\io\cucumber\junit-xml-formatter\0.4.0\junit-xml-formatter-0.4.0.jar;C:\Users\Aguka\.m2\repository\io\cucumber\ci-environment\10.0.1\ci-environment-10.0.1.jar;C:\Users\Aguka\.m2\repository\org\apiguardian\apiguardian-api\1.1.2\apiguardian-api-1.1.2.jar;C:\Users\Aguka\.m2\repository\io\cucumber\cucumber-testng\7.18.0\cucumber-testng-7.18.0.jar;C:\Users\Aguka\.m2\repository\org\testng\testng\7.9.0\testng-7.9.0.jar;C:\Users\Aguka\.m2\repository\org\slf4j\slf4j-api\1.7.36\slf4j-api-1.7.36.jar;C:\Users\Aguka\.m2\repository\com\beust\jcommander\1.82\jcommander-1.82.jar;C:\Users\Aguka\.m2\repository\org\webjars\jquery\3.7.1\jquery-3.7.1.jar;C:\Users\Aguka\.m2\repository\io\github\bonigarcia\webdrivermanager\5.5.3\webdrivermanager-5.5.3.jar;C:\Users\Aguka\.m2\repository\com\google\code\gson\gson\2.10.1\gson-2.10.1.jar;C:\Users\Aguka\.m2\repository\com\github\docker-java\docker-java\3.3.3\docker-java-3.3.3.jar;C:\Users\Aguka\.m2\repository\com\github\docker-java\docker-java-core\3.3.3\docker-java-core-3.3.3.jar;C:\Users\Aguka\.m2\repository\com\github\docker-java\docker-java-api\3.3.3\docker-java-api-3.3.3.jar;C:\Users\Aguka\.m2\repository\com\fasterxml\jackson\core\jackson-annotations\2.10.3\jackson-annotations-2.10.3.jar;C:\Users\Aguka\.m2\repository\commons-io\commons-io\2.6\commons-io-2.6.jar;C:\Users\Aguka\.m2\repository\org\apache\commons\commons-compress\1.21\commons-compress-1.21.jar;C:\Users\Aguka\.m2\repository\com\fasterxml\jackson\core\jackson-databind\2.10.3\jackson-databind-2.10.3.jar;C:\Users\Aguka\.m2\repository\com\fasterxml\jackson\core\jackson-core\2.10.3\jackson-core-2.10.3.jar;C:\Users\Aguka\.m2\repository\org\bouncycastle\bcpkix-jdk18on\1.75\bcpkix-jdk18on-1.75.jar;C:\Users\Aguka\.m2\repository\org\bouncycastle\bcprov-jdk18on\1.75\bcprov-jdk18on-1.75.jar;C:\Users\Aguka\.m2\repository\org\bouncycastle\bcutil-jdk18on\1.75\bcutil-jdk18on-1.75.jar;C:\Users\Aguka\.m2\repository\org\slf4j\jcl-over-slf4j\1.7.30\jcl-over-slf4j-1.7.30.jar;C:\Users\Aguka\.m2\repository\com\github\docker-java\docker-java-transport-httpclient5\3.3.3\docker-java-transport-httpclient5-3.3.3.jar;C:\Users\Aguka\.m2\repository\com\github\docker-java\docker-java-transport\3.3.3\docker-java-transport-3.3.3.jar;C:\Users\Aguka\.m2\repository\net\java\dev\jna\jna\5.12.1\jna-5.12.1.jar;C:\Users\Aguka\.m2\repository\org\brotli\dec\0.1.2\dec-0.1.2.jar;C:\Users\Aguka\.m2\repository\org\apache\commons\commons-lang3\3.13.0\commons-lang3-3.13.0.jar;C:\Users\Aguka\.m2\repository\org\apache\httpcomponents\client5\httpclient5\5.2.1\httpclient5-5.2.1.jar;C:\Users\Aguka\.m2\repository\org\apache\httpcomponents\core5\httpcore5\5.2\httpcore5-5.2.jar;C:\Users\Aguka\.m2\repository\org\apache\httpcomponents\core5\httpcore5-h2\5.2\httpcore5-h2-5.2.jar;C:\Users\Aguka\.m2\repository\org\apache\logging\log4j\log4j-core\2.23.1\log4j-core-2.23.1.jar;C:\Users\Aguka\.m2\repository\org\apache\logging\log4j\log4j-api\2.23.1\log4j-api-2.23.1.jar;C:\Users\Aguka\.m2\repository\org\apache\logging\log4j\log4j-slf4j-impl\2.23.0\log4j-slf4j-impl-2.23.0.jar;C:\Users\Aguka\.m2\repository\org\assertj\assertj-core\3.26.0\assertj-core-3.26.0.jar;C:\Users\Aguka\.m2\repository\net\bytebuddy\byte-buddy\1.14.16\byte-buddy-1.14.16.jar;"/>
    <property name="sun.cpu.endian" value="little"/>
    <property name="user.home" value="C:\Users\Aguka"/>
    <property name="user.language" value="en"/>
    <property name="java.specification.vendor" value="Oracle Corporation"/>
    <property name="java.version.date" value="2023-04-18"/>
    <property name="java.home" value="C:\Program Files\Java\jdk-17"/>
    <property name="file.separator" value="\"/>
    <property name="basedir" value="E:\sam\finalTask"/>
    <property name="java.vm.compressedOopsMode" value="32-bit"/>
    <property name="line.separator" value="&#10;"/>
    <property name="java.vm.specification.vendor" value="Oracle Corporation"/>
    <property name="java.specification.name" value="Java Platform API Specification"/>
    <property name="surefire.real.class.path" value="C:\Users\Aguka\AppData\Local\Temp\surefire8177485294829521808\surefirebooter-20240818171818497_3.jar"/>
    <property name="user.script" value=""/>
    <property name="sun.management.compiler" value="HotSpot 64-Bit Tiered Compilers"/>
    <property name="java.runtime.version" value="17.0.7+8-LTS-224"/>
    <property name="user.name" value="Aguka"/>
    <property name="path.separator" value=";"/>
    <property name="os.version" value="10.0"/>
    <property name="java.runtime.name" value="Java(TM) SE Runtime Environment"/>
    <property name="file.encoding" value="Cp1251"/>
    <property name="browser" value="firefo"/>
    <property name="java.vm.name" value="Java HotSpot(TM) 64-Bit Server VM"/>
    <property name="localRepository" value="C:\Users\Aguka\.m2\repository"/>
    <property name="java.vendor.url.bug" value="https://bugreport.java.com/bugreport/"/>
    <property name="java.io.tmpdir" value="C:\Users\Aguka\AppData\Local\Temp\"/>
    <property name="java.version" value="17.0.7"/>
    <property name="user.dir" value="E:\sam\finalTask"/>
    <property name="os.arch" value="amd64"/>
    <property name="java.vm.specification.name" value="Java Virtual Machine Specification"/>
    <property name="sun.os.patch.level" value=""/>
    <property name="native.encoding" value="Cp1251"/>
    <property name="environment" value="dev"/>
    <property name="java.library.path" value="C:\Program Files\Java\jdk-17\bin;C:\WINDOWS\Sun\Java\bin;C:\WINDOWS\system32;C:\WINDOWS;C:\Program Files\Common Files\Oracle\Java\javapath;C:\Program Files (x86)\Common Files\Oracle\Java\javapath;C:\WINDOWS\system32;C:\WINDOWS;C:\WINDOWS\System32\Wbem;C:\WINDOWS\System32\WindowsPowerShell\v1.0\;C:\WINDOWS\System32\OpenSSH\;%JAVA_HOME%;C:\Program Files\Git\cmd;E:\apache-maven-3.9.2\bin;%JAVA_HOME%bin;C:\Program Files\nodejs\;C:\Program Files\MySQL\MySQL Shell 8.0\bin\;C:\Users\Aguka\AppData\Local\Microsoft\WindowsApps;;C:\Program Files\JetBrains\IntelliJ IDEA Community Edition 2022.2.1\bin;;C:\Users\Aguka\AppData\Local\Programs\Microsoft VS Code\bin;C:\Users\Aguka\AppData\Roaming\npm;."/>
    <property name="java.vm.info" value="mixed mode, sharing"/>
    <property name="java.vendor" value="Oracle Corporation"/>
    <property name="java.vm.version" value="17.0.7+8-LTS-224"/>
    <property name="sun.io.unicode.encoding" value="UnicodeLittle"/>
    <property name="java.class.version" value="61.0"/>
  </properties>
  <testcase name="runScenario[&quot;UC-1 Test Login Form with Empty Credentials&quot;, &quot;Login Form Validation&quot;](1)" classname="testRunner.TestRunner" time="1.619">
    <failure message="Conversion = &apos;&apos;&apos;" type="java.util.UnknownFormatConversionException"><![CDATA[java.util.UnknownFormatConversionException: Conversion = '''
	at java.base/java.util.Formatter.parse(Formatter.java:2750)
	at java.base/java.util.Formatter.format(Formatter.java:2671)
	at java.base/java.util.Formatter.format(Formatter.java:2625)
	at java.base/java.lang.String.format(String.java:4143)
	at org.assertj.core.util.Strings.formatIfArgs(Strings.java:86)
	at org.assertj.core.description.TextDescription.value(TextDescription.java:51)
	at org.assertj.core.error.DescriptionFormatter.format(DescriptionFormatter.java:47)
	at org.assertj.core.error.MessageFormatter.format(MessageFormatter.java:61)
	at org.assertj.core.error.ShouldBeEqual.smartErrorMessage(ShouldBeEqual.java:169)
	at org.assertj.core.error.ShouldBeEqual.newAssertionError(ShouldBeEqual.java:117)
	at org.assertj.core.internal.Failures.failure(Failures.java:105)
	at org.assertj.core.internal.Objects.assertEqual(Objects.java:220)
	at org.assertj.core.api.AbstractAssert.isEqualTo(AbstractAssert.java:369)
	at org.assertj.core.api.AbstractStringAssert.isEqualTo(AbstractStringAssert.java:416)
	at stepdefinitions.LoginStepDefinitions.iShouldSeeAnErrorMessage(LoginStepDefinitions.java:38)
	at ✽.I should see an error message 'Username is required'(file:///E:/sam/finalTask/src/test/resources/features/first.feature:10)
]]></failure>
    <system-out><![CDATA[2024-08-18 17:18:19 INFO  Hooks:19 - Opening driver...
2024-08-18 17:18:20 INFO  WebDriverManager:1217 - Using chromedriver 127.0.6533.119 (resolved driver for Chrome 127)
2024-08-18 17:18:20 INFO  WebDriverManager:1270 - Exporting webdriver.chrome.driver as C:\Users\Aguka\.cache\selenium\chromedriver\win64\127.0.6533.119\chromedriver.exe

Scenario Outline: UC-1 Test Login Form with Empty Credentials &amp#27;[90m# src/test/resources/features/first.feature:14&amp#27;[0m
2024-08-18 17:18:23 INFO  LoginStepDefinitions:21 - Opening home page
  &amp#27;[32mGiven &amp#27;[0m&amp#27;[32mI am on the login page&amp#27;[0m                                &amp#27;[90m# stepdefinitions.LoginStepDefinitions.iAmOnTheLoginPage()&amp#27;[0m
2024-08-18 17:18:23 INFO  LoginStepDefinitions:58 - Filling input 'Name'
  &amp#27;[32mWhen &amp#27;[0m&amp#27;[32mI enter the user name &amp#27;[0m&amp#27;[32m&amp#27;[1m'standard_user1'&amp#27;[0m&amp#27;[32m field&amp#27;[0m           &amp#27;[90m# stepdefinitions.LoginStepDefinitions.iEnterTheUsernameField(java.lang.String)&amp#27;[0m
2024-08-18 17:18:24 INFO  LoginStepDefinitions:64 - Filling input 'Password'
  &amp#27;[32mAnd &amp#27;[0m&amp#27;[32mI enter the password &amp#27;[0m&amp#27;[32m&amp#27;[1m'secret_sauce'&amp#27;[0m                     &amp#27;[90m# stepdefinitions.LoginStepDefinitions.iEnterPassword(java.lang.String)&amp#27;[0m
2024-08-18 17:18:24 INFO  LoginStepDefinitions:70 - Clearing input 'Name'
  &amp#27;[32mAnd &amp#27;[0m&amp#27;[32mI clear the Name input&amp#27;[0m                                  &amp#27;[90m# stepdefinitions.LoginStepDefinitions.iClearTheNameInput()&amp#27;[0m
2024-08-18 17:18:24 INFO  LoginStepDefinitions:43 - Clearing input 'Password'
  &amp#27;[32mAnd &amp#27;[0m&amp#27;[32mI clear the Password input&amp#27;[0m                              &amp#27;[90m# stepdefinitions.LoginStepDefinitions.iClearThePasswordInput()&amp#27;[0m
2024-08-18 17:18:24 INFO  LoginStepDefinitions:27 - Pressing button 'Login'
  &amp#27;[32mAnd &amp#27;[0m&amp#27;[32mI hit the 'Login' button&amp#27;[0m                                &amp#27;[90m# stepdefinitions.LoginStepDefinitions.iHitTheButton()&amp#27;[0m
2024-08-18 17:18:24 INFO  LoginStepDefinitions:33 - Checking that error message is the same as 'Username is required'
  &amp#27;[31mThen &amp#27;[0m&amp#27;[31mI should see an error message &amp#27;[0m&amp#27;[31m&amp#27;[1m'Username is required'&amp#27;[0m   &amp#27;[90m# stepdefinitions.LoginStepDefinitions.iShouldSeeAnErrorMessage(java.lang.String)&amp#27;[0m
      &amp#27;[31mjava.util.UnknownFormatConversionException: Conversion = '''
	at java.base/java.util.Formatter.parse(Formatter.java:2750)
	at java.base/java.util.Formatter.format(Formatter.java:2671)
	at java.base/java.util.Formatter.format(Formatter.java:2625)
	at java.base/java.lang.String.format(String.java:4143)
	at org.assertj.core.util.Strings.formatIfArgs(Strings.java:86)
	at org.assertj.core.description.TextDescription.value(TextDescription.java:51)
	at org.assertj.core.error.DescriptionFormatter.format(DescriptionFormatter.java:47)
	at org.assertj.core.error.MessageFormatter.format(MessageFormatter.java:61)
	at org.assertj.core.error.ShouldBeEqual.smartErrorMessage(ShouldBeEqual.java:169)
	at org.assertj.core.error.ShouldBeEqual.newAssertionError(ShouldBeEqual.java:117)
	at org.assertj.core.internal.Failures.failure(Failures.java:105)
	at org.assertj.core.internal.Objects.assertEqual(Objects.java:220)
	at org.assertj.core.api.AbstractAssert.isEqualTo(AbstractAssert.java:369)
	at org.assertj.core.api.AbstractStringAssert.isEqualTo(AbstractStringAssert.java:416)
	at stepdefinitions.LoginStepDefinitions.iShouldSeeAnErrorMessage(LoginStepDefinitions.java:38)
	at вњЅ.I should see an error message 'Username is required'(file:///E:/sam/finalTask/src/test/resources/features/first.feature:10)
&amp#27;[0m
2024-08-18 17:18:24 INFO  Hooks:29 - Screenshot taken for failed scenario: UC-1_Test_Login_Form_with_Empty_Credentials
]]></system-out>
    <system-err><![CDATA[Aug 18, 2024 5:18:22 PM org.openqa.selenium.devtools.CdpVersionFinder findNearestMatch
WARNING: Unable to find CDP implementation matching 127
Aug 18, 2024 5:18:22 PM org.openqa.selenium.chromium.ChromiumDriver lambda$new$5
WARNING: Unable to find version of CDP to use for 127.0.6533.120. You may need to include a dependency on a specific version of the CDP using something similar to `org.seleniumhq.selenium:selenium-devtools-v86:4.13.0` where the version ("v86") matches the version of the chromium-based browser you're using and the version number of the artifact is the same as Selenium's.
]]></system-err>
  </testcase>
  <testcase name="runScenario[&quot;UC-1 Test Login Form with Empty Credentials&quot;, &quot;Login Form Validation&quot;](2)" classname="testRunner.TestRunner" time="0.512">
    <failure message="Conversion = &apos;&apos;&apos;" type="java.util.UnknownFormatConversionException"><![CDATA[java.util.UnknownFormatConversionException: Conversion = '''
	at java.base/java.util.Formatter.parse(Formatter.java:2750)
	at java.base/java.util.Formatter.format(Formatter.java:2671)
	at java.base/java.util.Formatter.format(Formatter.java:2625)
	at java.base/java.lang.String.format(String.java:4143)
	at org.assertj.core.util.Strings.formatIfArgs(Strings.java:86)
	at org.assertj.core.description.TextDescription.value(TextDescription.java:51)
	at org.assertj.core.error.DescriptionFormatter.format(DescriptionFormatter.java:47)
	at org.assertj.core.error.MessageFormatter.format(MessageFormatter.java:61)
	at org.assertj.core.error.ShouldBeEqual.smartErrorMessage(ShouldBeEqual.java:169)
	at org.assertj.core.error.ShouldBeEqual.newAssertionError(ShouldBeEqual.java:117)
	at org.assertj.core.internal.Failures.failure(Failures.java:105)
	at org.assertj.core.internal.Objects.assertEqual(Objects.java:220)
	at org.assertj.core.api.AbstractAssert.isEqualTo(AbstractAssert.java:369)
	at org.assertj.core.api.AbstractStringAssert.isEqualTo(AbstractStringAssert.java:416)
	at stepdefinitions.LoginStepDefinitions.iShouldSeeAnErrorMessage(LoginStepDefinitions.java:38)
	at ✽.I should see an error message 'Username is required'(file:///E:/sam/finalTask/src/test/resources/features/first.feature:10)
]]></failure>
    <system-out><![CDATA[
Scenario Outline: UC-1 Test Login Form with Empty Credentials &amp#27;[90m# src/test/resources/features/first.feature:15&amp#27;[0m
2024-08-18 17:18:24 INFO  LoginStepDefinitions:21 - Opening home page
  &amp#27;[32mGiven &amp#27;[0m&amp#27;[32mI am on the login page&amp#27;[0m                                &amp#27;[90m# stepdefinitions.LoginStepDefinitions.iAmOnTheLoginPage()&amp#27;[0m
2024-08-18 17:18:24 INFO  LoginStepDefinitions:58 - Filling input 'Name'
  &amp#27;[32mWhen &amp#27;[0m&amp#27;[32mI enter the user name &amp#27;[0m&amp#27;[32m&amp#27;[1m'locked_out_user1'&amp#27;[0m&amp#27;[32m field&amp#27;[0m         &amp#27;[90m# stepdefinitions.LoginStepDefinitions.iEnterTheUsernameField(java.lang.String)&amp#27;[0m
2024-08-18 17:18:24 INFO  LoginStepDefinitions:64 - Filling input 'Password'
  &amp#27;[32mAnd &amp#27;[0m&amp#27;[32mI enter the password &amp#27;[0m&amp#27;[32m&amp#27;[1m'secret_sauce'&amp#27;[0m                     &amp#27;[90m# stepdefinitions.LoginStepDefinitions.iEnterPassword(java.lang.String)&amp#27;[0m
2024-08-18 17:18:24 INFO  LoginStepDefinitions:70 - Clearing input 'Name'
  &amp#27;[32mAnd &amp#27;[0m&amp#27;[32mI clear the Name input&amp#27;[0m                                  &amp#27;[90m# stepdefinitions.LoginStepDefinitions.iClearTheNameInput()&amp#27;[0m
2024-08-18 17:18:24 INFO  LoginStepDefinitions:43 - Clearing input 'Password'
  &amp#27;[32mAnd &amp#27;[0m&amp#27;[32mI clear the Password input&amp#27;[0m                              &amp#27;[90m# stepdefinitions.LoginStepDefinitions.iClearThePasswordInput()&amp#27;[0m
2024-08-18 17:18:25 INFO  LoginStepDefinitions:27 - Pressing button 'Login'
  &amp#27;[32mAnd &amp#27;[0m&amp#27;[32mI hit the 'Login' button&amp#27;[0m                                &amp#27;[90m# stepdefinitions.LoginStepDefinitions.iHitTheButton()&amp#27;[0m
2024-08-18 17:18:25 INFO  LoginStepDefinitions:33 - Checking that error message is the same as 'Username is required'
  &amp#27;[31mThen &amp#27;[0m&amp#27;[31mI should see an error message &amp#27;[0m&amp#27;[31m&amp#27;[1m'Username is required'&amp#27;[0m   &amp#27;[90m# stepdefinitions.LoginStepDefinitions.iShouldSeeAnErrorMessage(java.lang.String)&amp#27;[0m
      &amp#27;[31mjava.util.UnknownFormatConversionException: Conversion = '''
	at java.base/java.util.Formatter.parse(Formatter.java:2750)
	at java.base/java.util.Formatter.format(Formatter.java:2671)
	at java.base/java.util.Formatter.format(Formatter.java:2625)
	at java.base/java.lang.String.format(String.java:4143)
	at org.assertj.core.util.Strings.formatIfArgs(Strings.java:86)
	at org.assertj.core.description.TextDescription.value(TextDescription.java:51)
	at org.assertj.core.error.DescriptionFormatter.format(DescriptionFormatter.java:47)
	at org.assertj.core.error.MessageFormatter.format(MessageFormatter.java:61)
	at org.assertj.core.error.ShouldBeEqual.smartErrorMessage(ShouldBeEqual.java:169)
	at org.assertj.core.error.ShouldBeEqual.newAssertionError(ShouldBeEqual.java:117)
	at org.assertj.core.internal.Failures.failure(Failures.java:105)
	at org.assertj.core.internal.Objects.assertEqual(Objects.java:220)
	at org.assertj.core.api.AbstractAssert.isEqualTo(AbstractAssert.java:369)
	at org.assertj.core.api.AbstractStringAssert.isEqualTo(AbstractStringAssert.java:416)
	at stepdefinitions.LoginStepDefinitions.iShouldSeeAnErrorMessage(LoginStepDefinitions.java:38)
	at вњЅ.I should see an error message 'Username is required'(file:///E:/sam/finalTask/src/test/resources/features/first.feature:10)
&amp#27;[0m
2024-08-18 17:18:25 INFO  Hooks:29 - Screenshot taken for failed scenario: UC-1_Test_Login_Form_with_Empty_Credentials
]]></system-out>
  </testcase>
  <testcase name="runScenario[&quot;UC-2 Test Login Form with credentials by passing Username&quot;, &quot;Login Form Validation&quot;](3)" classname="testRunner.TestRunner" time="0.38">
    <failure message="Conversion = &apos;&apos;&apos;" type="java.util.UnknownFormatConversionException"><![CDATA[java.util.UnknownFormatConversionException: Conversion = '''
	at java.base/java.util.Formatter.parse(Formatter.java:2750)
	at java.base/java.util.Formatter.format(Formatter.java:2671)
	at java.base/java.util.Formatter.format(Formatter.java:2625)
	at java.base/java.lang.String.format(String.java:4143)
	at org.assertj.core.util.Strings.formatIfArgs(Strings.java:86)
	at org.assertj.core.description.TextDescription.value(TextDescription.java:51)
	at org.assertj.core.error.DescriptionFormatter.format(DescriptionFormatter.java:47)
	at org.assertj.core.error.MessageFormatter.format(MessageFormatter.java:61)
	at org.assertj.core.error.ShouldBeEqual.smartErrorMessage(ShouldBeEqual.java:169)
	at org.assertj.core.error.ShouldBeEqual.newAssertionError(ShouldBeEqual.java:117)
	at org.assertj.core.internal.Failures.failure(Failures.java:105)
	at org.assertj.core.internal.Objects.assertEqual(Objects.java:220)
	at org.assertj.core.api.AbstractAssert.isEqualTo(AbstractAssert.java:369)
	at org.assertj.core.api.AbstractStringAssert.isEqualTo(AbstractStringAssert.java:416)
	at stepdefinitions.LoginStepDefinitions.iShouldSeeAnErrorMessage(LoginStepDefinitions.java:38)
	at ✽.I should see an error message 'Password is required'(file:///E:/sam/finalTask/src/test/resources/features/first.feature:23)
]]></failure>
    <system-out><![CDATA[
Scenario Outline: UC-2 Test Login Form with credentials by passing Username &amp#27;[90m# src/test/resources/features/first.feature:27&amp#27;[0m
2024-08-18 17:18:25 INFO  LoginStepDefinitions:21 - Opening home page
  &amp#27;[32mGiven &amp#27;[0m&amp#27;[32mI am on the login page&amp#27;[0m                                              &amp#27;[90m# stepdefinitions.LoginStepDefinitions.iAmOnTheLoginPage()&amp#27;[0m
2024-08-18 17:18:25 INFO  LoginStepDefinitions:58 - Filling input 'Name'
  &amp#27;[32mWhen &amp#27;[0m&amp#27;[32mI enter the user name &amp#27;[0m&amp#27;[32m&amp#27;[1m'error_user'&amp#27;[0m&amp#27;[32m field&amp#27;[0m                             &amp#27;[90m# stepdefinitions.LoginStepDefinitions.iEnterTheUsernameField(java.lang.String)&amp#27;[0m
2024-08-18 17:18:25 INFO  LoginStepDefinitions:64 - Filling input 'Password'
  &amp#27;[32mAnd &amp#27;[0m&amp#27;[32mI enter the password &amp#27;[0m&amp#27;[32m&amp#27;[1m'secret_sauce'&amp#27;[0m                                   &amp#27;[90m# stepdefinitions.LoginStepDefinitions.iEnterPassword(java.lang.String)&amp#27;[0m
2024-08-18 17:18:25 INFO  LoginStepDefinitions:43 - Clearing input 'Password'
  &amp#27;[32mAnd &amp#27;[0m&amp#27;[32mI clear the Password input&amp#27;[0m                                            &amp#27;[90m# stepdefinitions.LoginStepDefinitions.iClearThePasswordInput()&amp#27;[0m
2024-08-18 17:18:25 INFO  LoginStepDefinitions:27 - Pressing button 'Login'
  &amp#27;[32mAnd &amp#27;[0m&amp#27;[32mI hit the 'Login' button&amp#27;[0m                                              &amp#27;[90m# stepdefinitions.LoginStepDefinitions.iHitTheButton()&amp#27;[0m
2024-08-18 17:18:25 INFO  LoginStepDefinitions:33 - Checking that error message is the same as 'Password is required'
  &amp#27;[31mThen &amp#27;[0m&amp#27;[31mI should see an error message &amp#27;[0m&amp#27;[31m&amp#27;[1m'Password is required'&amp#27;[0m                 &amp#27;[90m# stepdefinitions.LoginStepDefinitions.iShouldSeeAnErrorMessage(java.lang.String)&amp#27;[0m
      &amp#27;[31mjava.util.UnknownFormatConversionException: Conversion = '''
	at java.base/java.util.Formatter.parse(Formatter.java:2750)
	at java.base/java.util.Formatter.format(Formatter.java:2671)
	at java.base/java.util.Formatter.format(Formatter.java:2625)
	at java.base/java.lang.String.format(String.java:4143)
	at org.assertj.core.util.Strings.formatIfArgs(Strings.java:86)
	at org.assertj.core.description.TextDescription.value(TextDescription.java:51)
	at org.assertj.core.error.DescriptionFormatter.format(DescriptionFormatter.java:47)
	at org.assertj.core.error.MessageFormatter.format(MessageFormatter.java:61)
	at org.assertj.core.error.ShouldBeEqual.smartErrorMessage(ShouldBeEqual.java:169)
	at org.assertj.core.error.ShouldBeEqual.newAssertionError(ShouldBeEqual.java:117)
	at org.assertj.core.internal.Failures.failure(Failures.java:105)
	at org.assertj.core.internal.Objects.assertEqual(Objects.java:220)
	at org.assertj.core.api.AbstractAssert.isEqualTo(AbstractAssert.java:369)
	at org.assertj.core.api.AbstractStringAssert.isEqualTo(AbstractStringAssert.java:416)
	at stepdefinitions.LoginStepDefinitions.iShouldSeeAnErrorMessage(LoginStepDefinitions.java:38)
	at вњЅ.I should see an error message 'Password is required'(file:///E:/sam/finalTask/src/test/resources/features/first.feature:23)
&amp#27;[0m
2024-08-18 17:18:25 INFO  Hooks:29 - Screenshot taken for failed scenario: UC-2_Test_Login_Form_with_credentials_by_passing_Username
]]></system-out>
  </testcase>
  <testcase name="runScenario[&quot;UC-2 Test Login Form with credentials by passing Username&quot;, &quot;Login Form Validation&quot;](4)" classname="testRunner.TestRunner" time="0.356">
    <failure message="Conversion = &apos;&apos;&apos;" type="java.util.UnknownFormatConversionException"><![CDATA[java.util.UnknownFormatConversionException: Conversion = '''
	at java.base/java.util.Formatter.parse(Formatter.java:2750)
	at java.base/java.util.Formatter.format(Formatter.java:2671)
	at java.base/java.util.Formatter.format(Formatter.java:2625)
	at java.base/java.lang.String.format(String.java:4143)
	at org.assertj.core.util.Strings.formatIfArgs(Strings.java:86)
	at org.assertj.core.description.TextDescription.value(TextDescription.java:51)
	at org.assertj.core.error.DescriptionFormatter.format(DescriptionFormatter.java:47)
	at org.assertj.core.error.MessageFormatter.format(MessageFormatter.java:61)
	at org.assertj.core.error.ShouldBeEqual.smartErrorMessage(ShouldBeEqual.java:169)
	at org.assertj.core.error.ShouldBeEqual.newAssertionError(ShouldBeEqual.java:117)
	at org.assertj.core.internal.Failures.failure(Failures.java:105)
	at org.assertj.core.internal.Objects.assertEqual(Objects.java:220)
	at org.assertj.core.api.AbstractAssert.isEqualTo(AbstractAssert.java:369)
	at org.assertj.core.api.AbstractStringAssert.isEqualTo(AbstractStringAssert.java:416)
	at stepdefinitions.LoginStepDefinitions.iShouldSeeAnErrorMessage(LoginStepDefinitions.java:38)
	at ✽.I should see an error message 'Password is required'(file:///E:/sam/finalTask/src/test/resources/features/first.feature:23)
]]></failure>
    <system-out><![CDATA[
Scenario Outline: UC-2 Test Login Form with credentials by passing Username &amp#27;[90m# src/test/resources/features/first.feature:28&amp#27;[0m
2024-08-18 17:18:25 INFO  LoginStepDefinitions:21 - Opening home page
  &amp#27;[32mGiven &amp#27;[0m&amp#27;[32mI am on the login page&amp#27;[0m                                              &amp#27;[90m# stepdefinitions.LoginStepDefinitions.iAmOnTheLoginPage()&amp#27;[0m
2024-08-18 17:18:25 INFO  LoginStepDefinitions:58 - Filling input 'Name'
  &amp#27;[32mWhen &amp#27;[0m&amp#27;[32mI enter the user name &amp#27;[0m&amp#27;[32m&amp#27;[1m'visual_user'&amp#27;[0m&amp#27;[32m field&amp#27;[0m                            &amp#27;[90m# stepdefinitions.LoginStepDefinitions.iEnterTheUsernameField(java.lang.String)&amp#27;[0m
2024-08-18 17:18:25 INFO  LoginStepDefinitions:64 - Filling input 'Password'
  &amp#27;[32mAnd &amp#27;[0m&amp#27;[32mI enter the password &amp#27;[0m&amp#27;[32m&amp#27;[1m's'&amp#27;[0m                                              &amp#27;[90m# stepdefinitions.LoginStepDefinitions.iEnterPassword(java.lang.String)&amp#27;[0m
2024-08-18 17:18:25 INFO  LoginStepDefinitions:43 - Clearing input 'Password'
  &amp#27;[32mAnd &amp#27;[0m&amp#27;[32mI clear the Password input&amp#27;[0m                                            &amp#27;[90m# stepdefinitions.LoginStepDefinitions.iClearThePasswordInput()&amp#27;[0m
2024-08-18 17:18:25 INFO  LoginStepDefinitions:27 - Pressing button 'Login'
  &amp#27;[32mAnd &amp#27;[0m&amp#27;[32mI hit the 'Login' button&amp#27;[0m                                              &amp#27;[90m# stepdefinitions.LoginStepDefinitions.iHitTheButton()&amp#27;[0m
2024-08-18 17:18:25 INFO  LoginStepDefinitions:33 - Checking that error message is the same as 'Password is required'
  &amp#27;[31mThen &amp#27;[0m&amp#27;[31mI should see an error message &amp#27;[0m&amp#27;[31m&amp#27;[1m'Password is required'&amp#27;[0m                 &amp#27;[90m# stepdefinitions.LoginStepDefinitions.iShouldSeeAnErrorMessage(java.lang.String)&amp#27;[0m
      &amp#27;[31mjava.util.UnknownFormatConversionException: Conversion = '''
	at java.base/java.util.Formatter.parse(Formatter.java:2750)
	at java.base/java.util.Formatter.format(Formatter.java:2671)
	at java.base/java.util.Formatter.format(Formatter.java:2625)
	at java.base/java.lang.String.format(String.java:4143)
	at org.assertj.core.util.Strings.formatIfArgs(Strings.java:86)
	at org.assertj.core.description.TextDescription.value(TextDescription.java:51)
	at org.assertj.core.error.DescriptionFormatter.format(DescriptionFormatter.java:47)
	at org.assertj.core.error.MessageFormatter.format(MessageFormatter.java:61)
	at org.assertj.core.error.ShouldBeEqual.smartErrorMessage(ShouldBeEqual.java:169)
	at org.assertj.core.error.ShouldBeEqual.newAssertionError(ShouldBeEqual.java:117)
	at org.assertj.core.internal.Failures.failure(Failures.java:105)
	at org.assertj.core.internal.Objects.assertEqual(Objects.java:220)
	at org.assertj.core.api.AbstractAssert.isEqualTo(AbstractAssert.java:369)
	at org.assertj.core.api.AbstractStringAssert.isEqualTo(AbstractStringAssert.java:416)
	at stepdefinitions.LoginStepDefinitions.iShouldSeeAnErrorMessage(LoginStepDefinitions.java:38)
	at вњЅ.I should see an error message 'Password is required'(file:///E:/sam/finalTask/src/test/resources/features/first.feature:23)
&amp#27;[0m
2024-08-18 17:18:25 INFO  Hooks:29 - Screenshot taken for failed scenario: UC-2_Test_Login_Form_with_credentials_by_passing_Username
]]></system-out>
  </testcase>
  <testcase name="runScenario[&quot;UC-3: Test Login Form with Credentials by Passing Username &amp; Password&quot;, &quot;Login Form Validation&quot;](5)" classname="testRunner.TestRunner" time="0.231">
    <system-out><![CDATA[
Scenario Outline: UC-3: Test Login Form with Credentials by Passing Username & Password &amp#27;[90m# src/test/resources/features/first.feature:39&amp#27;[0m
2024-08-18 17:18:25 INFO  LoginStepDefinitions:21 - Opening home page
  &amp#27;[32mGiven &amp#27;[0m&amp#27;[32mI am on the login page&amp#27;[0m                                                          &amp#27;[90m# stepdefinitions.LoginStepDefinitions.iAmOnTheLoginPage()&amp#27;[0m
2024-08-18 17:18:26 INFO  LoginStepDefinitions:58 - Filling input 'Name'
  &amp#27;[32mWhen &amp#27;[0m&amp#27;[32mI enter the user name &amp#27;[0m&amp#27;[32m&amp#27;[1m'standard_user'&amp#27;[0m&amp#27;[32m field&amp#27;[0m                                      &amp#27;[90m# stepdefinitions.LoginStepDefinitions.iEnterTheUsernameField(java.lang.String)&amp#27;[0m
2024-08-18 17:18:26 INFO  LoginStepDefinitions:64 - Filling input 'Password'
  &amp#27;[32mAnd &amp#27;[0m&amp#27;[32mI enter the password &amp#27;[0m&amp#27;[32m&amp#27;[1m'secret_sauce'&amp#27;[0m                                               &amp#27;[90m# stepdefinitions.LoginStepDefinitions.iEnterPassword(java.lang.String)&amp#27;[0m
2024-08-18 17:18:26 INFO  LoginStepDefinitions:27 - Pressing button 'Login'
  &amp#27;[32mAnd &amp#27;[0m&amp#27;[32mI hit the 'Login' button&amp#27;[0m                                                          &amp#27;[90m# stepdefinitions.LoginStepDefinitions.iHitTheButton()&amp#27;[0m
2024-08-18 17:18:26 INFO  LoginStepDefinitions:49 - Checking that title is the same as 'Swag Labs'
  &amp#27;[32mThen &amp#27;[0m&amp#27;[32mI should see the title &amp#27;[0m&amp#27;[32m&amp#27;[1m'Swag Labs'&amp#27;[0m&amp#27;[32m on the dashboard&amp#27;[0m                              &amp#27;[90m# stepdefinitions.LoginStepDefinitions.iShouldSeeTheTitleSwagLabsOnTheDashboard(java.lang.String)&amp#27;[0m
]]></system-out>
  </testcase>
  <testcase name="runScenario[&quot;UC-3: Test Login Form with Credentials by Passing Username &amp; Password&quot;, &quot;Login Form Validation&quot;](6)" classname="testRunner.TestRunner" time="5.226">
    <system-out><![CDATA[
Scenario Outline: UC-3: Test Login Form with Credentials by Passing Username & Password &amp#27;[90m# src/test/resources/features/first.feature:40&amp#27;[0m
2024-08-18 17:18:26 INFO  LoginStepDefinitions:21 - Opening home page
  &amp#27;[32mGiven &amp#27;[0m&amp#27;[32mI am on the login page&amp#27;[0m                                                          &amp#27;[90m# stepdefinitions.LoginStepDefinitions.iAmOnTheLoginPage()&amp#27;[0m
2024-08-18 17:18:26 INFO  LoginStepDefinitions:58 - Filling input 'Name'
  &amp#27;[32mWhen &amp#27;[0m&amp#27;[32mI enter the user name &amp#27;[0m&amp#27;[32m&amp#27;[1m'performance_glitch_user'&amp#27;[0m&amp#27;[32m field&amp#27;[0m                            &amp#27;[90m# stepdefinitions.LoginStepDefinitions.iEnterTheUsernameField(java.lang.String)&amp#27;[0m
2024-08-18 17:18:26 INFO  LoginStepDefinitions:64 - Filling input 'Password'
  &amp#27;[32mAnd &amp#27;[0m&amp#27;[32mI enter the password &amp#27;[0m&amp#27;[32m&amp#27;[1m'secret_sauce'&amp#27;[0m                                               &amp#27;[90m# stepdefinitions.LoginStepDefinitions.iEnterPassword(java.lang.String)&amp#27;[0m
2024-08-18 17:18:26 INFO  LoginStepDefinitions:27 - Pressing button 'Login'
  &amp#27;[32mAnd &amp#27;[0m&amp#27;[32mI hit the 'Login' button&amp#27;[0m                                                          &amp#27;[90m# stepdefinitions.LoginStepDefinitions.iHitTheButton()&amp#27;[0m
2024-08-18 17:18:31 INFO  LoginStepDefinitions:49 - Checking that title is the same as 'Swag Labs'
  &amp#27;[32mThen &amp#27;[0m&amp#27;[32mI should see the title &amp#27;[0m&amp#27;[32m&amp#27;[1m'Swag Labs'&amp#27;[0m&amp#27;[32m on the dashboard&amp#27;[0m                              &amp#27;[90m# stepdefinitions.LoginStepDefinitions.iShouldSeeTheTitleSwagLabsOnTheDashboard(java.lang.String)&amp#27;[0m
]]></system-out>
  </testcase>
  <testcase name="runScenario[&quot;UC-3: Test Login Form with Credentials by Passing Username &amp; Password&quot;, &quot;Login Form Validation&quot;](7)" classname="testRunner.TestRunner" time="0.197">
    <system-out><![CDATA[
Scenario Outline: UC-3: Test Login Form with Credentials by Passing Username & Password &amp#27;[90m# src/test/resources/features/first.feature:41&amp#27;[0m
2024-08-18 17:18:31 INFO  LoginStepDefinitions:21 - Opening home page
  &amp#27;[32mGiven &amp#27;[0m&amp#27;[32mI am on the login page&amp#27;[0m                                                          &amp#27;[90m# stepdefinitions.LoginStepDefinitions.iAmOnTheLoginPage()&amp#27;[0m
2024-08-18 17:18:31 INFO  LoginStepDefinitions:58 - Filling input 'Name'
  &amp#27;[32mWhen &amp#27;[0m&amp#27;[32mI enter the user name &amp#27;[0m&amp#27;[32m&amp#27;[1m'error_user'&amp#27;[0m&amp#27;[32m field&amp#27;[0m                                         &amp#27;[90m# stepdefinitions.LoginStepDefinitions.iEnterTheUsernameField(java.lang.String)&amp#27;[0m
2024-08-18 17:18:31 INFO  LoginStepDefinitions:64 - Filling input 'Password'
  &amp#27;[32mAnd &amp#27;[0m&amp#27;[32mI enter the password &amp#27;[0m&amp#27;[32m&amp#27;[1m'secret_sauce'&amp#27;[0m                                               &amp#27;[90m# stepdefinitions.LoginStepDefinitions.iEnterPassword(java.lang.String)&amp#27;[0m
2024-08-18 17:18:31 INFO  LoginStepDefinitions:27 - Pressing button 'Login'
  &amp#27;[32mAnd &amp#27;[0m&amp#27;[32mI hit the 'Login' button&amp#27;[0m                                                          &amp#27;[90m# stepdefinitions.LoginStepDefinitions.iHitTheButton()&amp#27;[0m
2024-08-18 17:18:31 INFO  LoginStepDefinitions:49 - Checking that title is the same as 'Swag Labs'
  &amp#27;[32mThen &amp#27;[0m&amp#27;[32mI should see the title &amp#27;[0m&amp#27;[32m&amp#27;[1m'Swag Labs'&amp#27;[0m&amp#27;[32m on the dashboard&amp#27;[0m                              &amp#27;[90m# stepdefinitions.LoginStepDefinitions.iShouldSeeTheTitleSwagLabsOnTheDashboard(java.lang.String)&amp#27;[0m
]]></system-out>
  </testcase>
  <testcase name="runScenario[&quot;UC-3: Test Login Form with Credentials by Passing Username &amp; Password&quot;, &quot;Login Form Validation&quot;](8)" classname="testRunner.TestRunner" time="0.189">
    <system-out><![CDATA[
Scenario Outline: UC-3: Test Login Form with Credentials by Passing Username & Password &amp#27;[90m# src/test/resources/features/first.feature:42&amp#27;[0m
2024-08-18 17:18:31 INFO  LoginStepDefinitions:21 - Opening home page
  &amp#27;[32mGiven &amp#27;[0m&amp#27;[32mI am on the login page&amp#27;[0m                                                          &amp#27;[90m# stepdefinitions.LoginStepDefinitions.iAmOnTheLoginPage()&amp#27;[0m
2024-08-18 17:18:31 INFO  LoginStepDefinitions:58 - Filling input 'Name'
  &amp#27;[32mWhen &amp#27;[0m&amp#27;[32mI enter the user name &amp#27;[0m&amp#27;[32m&amp#27;[1m'visual_user'&amp#27;[0m&amp#27;[32m field&amp#27;[0m                                        &amp#27;[90m# stepdefinitions.LoginStepDefinitions.iEnterTheUsernameField(java.lang.String)&amp#27;[0m
2024-08-18 17:18:31 INFO  LoginStepDefinitions:64 - Filling input 'Password'
  &amp#27;[32mAnd &amp#27;[0m&amp#27;[32mI enter the password &amp#27;[0m&amp#27;[32m&amp#27;[1m'secret_sauce'&amp#27;[0m                                               &amp#27;[90m# stepdefinitions.LoginStepDefinitions.iEnterPassword(java.lang.String)&amp#27;[0m
2024-08-18 17:18:31 INFO  LoginStepDefinitions:27 - Pressing button 'Login'
  &amp#27;[32mAnd &amp#27;[0m&amp#27;[32mI hit the 'Login' button&amp#27;[0m                                                          &amp#27;[90m# stepdefinitions.LoginStepDefinitions.iHitTheButton()&amp#27;[0m
2024-08-18 17:18:31 INFO  LoginStepDefinitions:49 - Checking that title is the same as 'Swag Labs'
  &amp#27;[32mThen &amp#27;[0m&amp#27;[32mI should see the title &amp#27;[0m&amp#27;[32m&amp#27;[1m'Swag Labs'&amp#27;[0m&amp#27;[32m on the dashboard&amp#27;[0m                              &amp#27;[90m# stepdefinitions.LoginStepDefinitions.iShouldSeeTheTitleSwagLabsOnTheDashboard(java.lang.String)&amp#27;[0m
]]></system-out>
  </testcase>
</testsuite>